TN:
SF:src\presentation\controllers\signup.ts
FN:8,SignUpController
FN:12,handle
FNF:2
FNH:2
FNDA:8,SignUpController
FNDA:8,handle
DA:1,1
DA:2,1
DA:3,1
DA:4,1
DA:5,1
DA:6,1
DA:7,1
DA:8,1
DA:9,8
DA:10,8
DA:11,1
DA:12,1
DA:13,8
DA:14,8
DA:15,8
DA:16,26
DA:17,4
DA:18,4
DA:19,26
DA:20,4
DA:21,8
DA:22,1
DA:23,1
DA:24,3
DA:25,8
DA:26,1
DA:27,1
DA:28,8
DA:29,1
DA:30,1
DA:31,8
DA:32,1
LF:32
LH:32
BRDA:8,0,0,8
BRDA:12,1,0,8
BRDA:15,2,0,26
BRDA:16,3,0,4
BRDA:20,4,0,4
BRDA:21,5,0,1
BRDA:24,6,0,3
BRDA:25,7,0,1
BRDA:28,8,0,1
BRF:9
BRH:9
end_of_record
